2026-04-23T06:53:45.108748Z	Cloning repository...
2026-04-23T06:53:45.599382Z	From https://github.com/alex-jiuge/zhinanbunan
2026-04-23T06:53:45.599658Z	 * branch            fb0d266d242007abb1b739e27ea61c4b8d1daffd -> FETCH_HEAD
2026-04-23T06:53:45.5997Z	
2026-04-23T06:53:45.634197Z	HEAD is now at fb0d266 fix: remove output standalone to fix Cloudflare Pages SSR routing
2026-04-23T06:53:45.634544Z	
2026-04-23T06:53:45.674639Z	
2026-04-23T06:53:45.674975Z	Using v2 root directory strategy
2026-04-23T06:53:45.685412Z	Success: Finished cloning repository files
2026-04-23T06:53:47.107434Z	Checking for configuration in a Wrangler configuration file (BETA)
2026-04-23T06:53:47.107878Z	
2026-04-23T06:53:47.107951Z	Found wrangler.toml file. Reading build configuration...
2026-04-23T06:53:48.194627Z	A Wrangler configuration file was found but it does not appear to be valid. Did you mean to use wrangler.toml to configure Pages? If so, then make sure the file is valid and contains the `pages_build_output_dir` property. Skipping file and continuing.
2026-04-23T06:53:48.331621Z	Detected the following tools from environment: npm@10.9.2, nodejs@22.16.0
2026-04-23T06:53:48.332022Z	Installing project dependencies: npm clean-install --progress=false
2026-04-23T06:53:51.726061Z	npm warn deprecated rimraf@3.0.2: Rimraf versions prior to v4 are no longer supported
2026-04-23T06:53:52.481732Z	npm warn deprecated inflight@1.0.6: This module is not supported, and leaks memory. Do not use it. Check out lru-cache if you want a good and tested way to coalesce async requests by a key value, which is much more comprehensive and powerful.
2026-04-23T06:53:52.549519Z	npm warn deprecated glob@7.2.3: Old versions of glob are not supported, and contain widely publicized security vulnerabilities, which have been fixed in the current version. Please update. Support for old versions may be purchased (at exorbitant rates) by contacting i@izs.me
2026-04-23T06:53:53.023181Z	npm warn deprecated node-domexception@1.0.0: Use your platform's native DOMException instead
2026-04-23T06:53:53.641624Z	npm warn deprecated @humanwhocodes/object-schema@2.0.3: Use @eslint/object-schema instead
2026-04-23T06:53:53.7158Z	npm warn deprecated @humanwhocodes/config-array@0.13.0: Use @eslint/config-array instead
2026-04-23T06:53:56.580512Z	npm warn deprecated eslint@8.57.1: This version is no longer supported. Please see https://eslint.org/version-support for other options.
2026-04-23T06:54:03.813932Z	
2026-04-23T06:54:03.814234Z	added 682 packages, and audited 683 packages in 15s
2026-04-23T06:54:03.814287Z	
2026-04-23T06:54:03.814321Z	237 packages are looking for funding
2026-04-23T06:54:03.814357Z	  run `npm fund` for details
2026-04-23T06:54:03.815552Z	
2026-04-23T06:54:03.81588Z	found 0 vulnerabilities
2026-04-23T06:54:03.894443Z	Executing user command: npm run build
2026-04-23T06:54:04.162829Z	
2026-04-23T06:54:04.163072Z	> compass-app@0.1.0 build
2026-04-23T06:54:04.163125Z	> next build
2026-04-23T06:54:04.163181Z	
2026-04-23T06:54:04.934154Z	⚠ No build cache found. Please configure build caching for faster rebuilds. Read more: https://nextjs.org/docs/messages/no-cache
2026-04-23T06:54:04.938351Z	Attention: Next.js now collects completely anonymous telemetry regarding usage.
2026-04-23T06:54:04.938683Z	This information is used to shape Next.js' roadmap and prioritize features.
2026-04-23T06:54:04.938803Z	You can learn more, including how to opt-out if you'd not like to participate in this anonymous program, by visiting the following URL:
2026-04-23T06:54:04.938978Z	https://nextjs.org/telemetry
2026-04-23T06:54:04.939055Z	
2026-04-23T06:54:05.009169Z	   ▲ Next.js 15.5.15
2026-04-23T06:54:05.009454Z	
2026-04-23T06:54:05.087142Z	   Creating an optimized production build ...
2026-04-23T06:54:20.397307Z	 ✓ Compiled successfully in 15.1s
2026-04-23T06:54:20.401034Z	   Linting and checking validity of types ...
2026-04-23T06:54:24.308393Z	
2026-04-23T06:54:24.308609Z	./src/app/career-path/page.tsx
2026-04-23T06:54:24.308669Z	6:10  Warning: 'Button' is defined but never used.  @typescript-eslint/no-unused-vars
2026-04-23T06:54:24.308738Z	7:29  Warning: 'CardHeader' is defined but never used.  @typescript-eslint/no-unused-vars
2026-04-23T06:54:24.30879Z	7:41  Warning: 'CardTitle' is defined but never used.  @typescript-eslint/no-unused-vars
2026-04-23T06:54:24.308832Z	7:52  Warning: 'CardDescription' is defined but never used.  @typescript-eslint/no-unused-vars
2026-04-23T06:54:24.308868Z	
2026-04-23T06:54:24.308897Z	./src/app/onboarding/page.tsx
2026-04-23T06:54:24.308938Z	37:6  Warning: React Hook useEffect has missing dependencies: 'initializeConversation', 'setUserId', and 'userId'. Either include them or remove the dependency array.  react-hooks/exhaustive-deps
2026-04-23T06:54:24.308971Z	
2026-04-23T06:54:24.309Z	info  - Need to disable some ESLint rules? Learn more here: https://nextjs.org/docs/app/api-reference/config/eslint#disabling-rules
2026-04-23T06:54:26.667466Z	   Collecting page data ...
2026-04-23T06:54:29.25737Z	   Generating static pages (0/34) ...
2026-04-23T06:54:29.741315Z	   Generating static pages (8/34) 
2026-04-23T06:54:29.77816Z	   Generating static pages (16/34) 
2026-04-23T06:54:30.024132Z	   Generating static pages (25/34) 
2026-04-23T06:54:30.288042Z	 ✓ Generating static pages (34/34)
2026-04-23T06:54:30.873986Z	   Finalizing page optimization ...
2026-04-23T06:54:30.874207Z	   Collecting build traces ...
2026-04-23T06:54:36.696619Z	
2026-04-23T06:54:36.700143Z	Route (app)                                 Size  First Load JS
2026-04-23T06:54:36.700246Z	┌ ○ /                                      178 B         154 kB
2026-04-23T06:54:36.700416Z	├ ○ /_not-found                            193 B         150 kB
2026-04-23T06:54:36.700463Z	├ ○ /admin/model-config                  4.66 kB         348 kB
2026-04-23T06:54:36.7005Z	├ ○ /admin/prompt-manager                12.1 kB         234 kB
2026-04-23T06:54:36.700536Z	├ ƒ /api/analysis/city                     186 B         150 kB
2026-04-23T06:54:36.70058Z	├ ƒ /api/analysis/family-bridge            186 B         150 kB
2026-04-23T06:54:36.700617Z	├ ƒ /api/analysis/jd                       186 B         150 kB
2026-04-23T06:54:36.700669Z	├ ƒ /api/analysis/major                    186 B         150 kB
2026-04-23T06:54:36.700704Z	├ ƒ /api/chat                              186 B         150 kB
2026-04-23T06:54:36.700743Z	├ ƒ /api/conversations/merge               186 B         150 kB
2026-04-23T06:54:36.700783Z	├ ƒ /api/conversations/summaries           186 B         150 kB
2026-04-23T06:54:36.700816Z	├ ƒ /api/conversations/summarize           186 B         150 kB
2026-04-23T06:54:36.700848Z	├ ƒ /api/internships/recommend             186 B         150 kB
2026-04-23T06:54:36.700882Z	├ ƒ /api/knowledge                         186 B         150 kB
2026-04-23T06:54:36.700917Z	├ ƒ /api/profile/onboarding                186 B         150 kB
2026-04-23T06:54:36.700946Z	├ ƒ /api/prompts                           186 B         150 kB
2026-04-23T06:54:36.700973Z	├ ƒ /api/prompts/[id]/versions             186 B         150 kB
2026-04-23T06:54:36.701006Z	├ ƒ /api/user-info                         186 B         150 kB
2026-04-23T06:54:36.701357Z	├ ƒ /api/user-info/changes                 186 B         150 kB
2026-04-23T06:54:36.701437Z	├ ƒ /api/user-info/infer                   186 B         150 kB
2026-04-23T06:54:36.701472Z	├ ○ /assessment                          4.26 kB         228 kB
2026-04-23T06:54:36.701501Z	├ ○ /campus                                186 B         150 kB
2026-04-23T06:54:36.7016Z	├ ○ /campus/academic/major-analysis      1.94 kB         224 kB
2026-04-23T06:54:36.701664Z	├ ○ /campus/navigator/radar              1.82 kB         340 kB
2026-04-23T06:54:36.701698Z	├ ○ /career-path                         3.58 kB         217 kB
2026-04-23T06:54:36.701725Z	├ ○ /chat-history                        10.9 kB         236 kB
2026-04-23T06:54:36.701752Z	├ ○ /graduation                            186 B         150 kB
2026-04-23T06:54:36.701778Z	├ ○ /graduation/career/jd-analyzer       1.91 kB         224 kB
2026-04-23T06:54:36.701809Z	├ ○ /graduation/compass/city-match       2.13 kB         345 kB
2026-04-23T06:54:36.701837Z	├ ○ /graduation/family-bridge            3.65 kB         223 kB
2026-04-23T06:54:36.701867Z	├ ○ /internships                         4.18 kB         227 kB
2026-04-23T06:54:36.701897Z	├ ○ /onboarding                           6.4 kB         229 kB
2026-04-23T06:54:36.701929Z	└ ○ /profile                             4.94 kB         225 kB
2026-04-23T06:54:36.701961Z	+ First Load JS shared by all             149 kB
2026-04-23T06:54:36.701997Z	  ├ chunks/npm.next-902516e392288d89.js   147 kB
2026-04-23T06:54:36.702025Z	  └ other shared chunks (total)          2.51 kB
2026-04-23T06:54:36.702061Z	
2026-04-23T06:54:36.702087Z	
2026-04-23T06:54:36.702117Z	○  (Static)   prerendered as static content
2026-04-23T06:54:36.702149Z	ƒ  (Dynamic)  server-rendered on demand
2026-04-23T06:54:36.702181Z	
2026-04-23T06:54:36.836558Z	Finished
2026-04-23T06:54:37.441138Z	Checking for configuration in a Wrangler configuration file (BETA)
2026-04-23T06:54:37.441501Z	
2026-04-23T06:54:37.441744Z	Found wrangler.toml file. Reading build configuration...
2026-04-23T06:54:38.528201Z	A Wrangler configuration file was found but it does not appear to be valid. Did you mean to use wrangler.toml to configure Pages? If so, then make sure the file is valid and contains the `pages_build_output_dir` property. Skipping file and continuing.
2026-04-23T06:54:38.528876Z	Note: No functions dir at /functions found. Skipping.
2026-04-23T06:54:38.528973Z	Validating asset output directory
2026-04-23T06:54:40.876891Z	Deploying your site to Cloudflare's global network...
2026-04-23T06:54:42.572219Z	Uploading... (201/320)
2026-04-23T06:54:43.518166Z	Uploading... (241/320)
2026-04-23T06:54:43.5392Z	Uploading... (280/320)
2026-04-23T06:54:43.82884Z	Uploading... (320/320)
2026-04-23T06:54:43.829162Z	✨ Success! Uploaded 119 files (201 already uploaded) (1.56 sec)
2026-04-23T06:54:43.829285Z	
2026-04-23T06:54:44.21896Z	✨ Upload complete!
2026-04-23T06:54:46.829459Z	Success: Assets published!
2026-04-23T06:54:48.394465Z	Success: Your site was deployed!