2026-04-23T08:02:56.064103Z	Cloning repository...
2026-04-23T08:02:56.72293Z	From https://github.com/alex-jiuge/zhinanbunan
2026-04-23T08:02:56.723213Z	 * branch            04d7f18db8ae4eee71df6373663070705b74c69c -> FETCH_HEAD
2026-04-23T08:02:56.723261Z	
2026-04-23T08:02:56.751284Z	HEAD is now at 04d7f18 feat: 实现客户端直接调用智谱AI API功能
2026-04-23T08:02:56.751566Z	
2026-04-23T08:02:56.789626Z	
2026-04-23T08:02:56.790034Z	Using v2 root directory strategy
2026-04-23T08:02:56.803552Z	Success: Finished cloning repository files
2026-04-23T08:02:58.139861Z	Checking for configuration in a Wrangler configuration file (BETA)
2026-04-23T08:02:58.140363Z	
2026-04-23T08:02:59.232678Z	No Wrangler configuration file found. Continuing.
2026-04-23T08:02:59.408141Z	Detected the following tools from environment: npm@10.9.2, nodejs@22.16.0
2026-04-23T08:02:59.408627Z	Installing project dependencies: npm clean-install --progress=false
2026-04-23T08:03:02.106716Z	npm warn deprecated rimraf@3.0.2: Rimraf versions prior to v4 are no longer supported
2026-04-23T08:03:02.839301Z	npm warn deprecated inflight@1.0.6: This module is not supported, and leaks memory. Do not use it. Check out lru-cache if you want a good and tested way to coalesce async requests by a key value, which is much more comprehensive and powerful.
2026-04-23T08:03:02.908908Z	npm warn deprecated glob@7.2.3: Old versions of glob are not supported, and contain widely publicized security vulnerabilities, which have been fixed in the current version. Please update. Support for old versions may be purchased (at exorbitant rates) by contacting i@izs.me
2026-04-23T08:03:03.30838Z	npm warn deprecated node-domexception@1.0.0: Use your platform's native DOMException instead
2026-04-23T08:03:04.113079Z	npm warn deprecated @humanwhocodes/object-schema@2.0.3: Use @eslint/object-schema instead
2026-04-23T08:03:04.192008Z	npm warn deprecated @humanwhocodes/config-array@0.13.0: Use @eslint/config-array instead
2026-04-23T08:03:07.04564Z	npm warn deprecated eslint@8.57.1: This version is no longer supported. Please see https://eslint.org/version-support for other options.
2026-04-23T08:03:14.94588Z	
2026-04-23T08:03:14.946214Z	added 682 packages, and audited 683 packages in 15s
2026-04-23T08:03:14.946321Z	
2026-04-23T08:03:14.946403Z	237 packages are looking for funding
2026-04-23T08:03:14.946447Z	  run `npm fund` for details
2026-04-23T08:03:14.94692Z	
2026-04-23T08:03:14.947587Z	found 0 vulnerabilities
2026-04-23T08:03:15.025928Z	Executing user command: npm run build
2026-04-23T08:03:15.282318Z	
2026-04-23T08:03:15.282674Z	> compass-app@0.1.0 build
2026-04-23T08:03:15.282773Z	> next build
2026-04-23T08:03:15.282844Z	
2026-04-23T08:03:16.482337Z	⚠ No build cache found. Please configure build caching for faster rebuilds. Read more: https://nextjs.org/docs/messages/no-cache
2026-04-23T08:03:16.487479Z	Attention: Next.js now collects completely anonymous telemetry regarding usage.
2026-04-23T08:03:16.487588Z	This information is used to shape Next.js' roadmap and prioritize features.
2026-04-23T08:03:16.487655Z	You can learn more, including how to opt-out if you'd not like to participate in this anonymous program, by visiting the following URL:
2026-04-23T08:03:16.487703Z	https://nextjs.org/telemetry
2026-04-23T08:03:16.487798Z	
2026-04-23T08:03:16.56488Z	   ▲ Next.js 15.5.15
2026-04-23T08:03:16.565345Z	
2026-04-23T08:03:16.617681Z	 ⨯ The "exportPathMap" configuration cannot be used with the "app" directory. Please use generateStaticParams() instead.
2026-04-23T08:03:16.820745Z	Failed: Error while executing user command. Exited with error code: 1
2026-04-23T08:03:16.828416Z	Failed: build command exited with code: 1
2026-04-23T08:03:17.406895Z	Failed: error occurred while running build command